CRITICAL - 2023-12-13 07:32:32 --> Invalid file: "welcome_message.php"
in SYSTEMPATH\Exceptions\FrameworkException.php on line 39.
 1 SYSTEMPATH\View\View.php(216): CodeIgniter\Exceptions\FrameworkException::forInvalidFile('welcome_message.php')
 2 SYSTEMPATH\Common.php(1190): CodeIgniter\View\View->render('welcome_message', [], true)
 3 APPPATH\Controllers\Home.php(9): view('welcome_message')
 4 SYSTEMPATH\CodeIgniter.php(942): App\Controllers\Home->index()
 5 SYSTEMPATH\CodeIgniter.php(502): CodeIgniter\CodeIgniter->runController(Object(App\Controllers\Home))
 6 SYSTEMPATH\CodeIgniter.php(361): CodeIgniter\CodeIgniter->handleRequest(null, Object(Config\Cache), false)
 7 FCPATH\index.php(79): CodeIgniter\CodeIgniter->run()
CRITICAL - 2023-12-13 08:06:57 --> Invalid file: "registro_usuario.php"
in SYSTEMPATH\Exceptions\FrameworkException.php on line 39.
 1 SYSTEMPATH\View\View.php(216): CodeIgniter\Exceptions\FrameworkException::forInvalidFile('registro_usuario.php')
 2 SYSTEMPATH\Common.php(1190): CodeIgniter\View\View->render('registro_usuario', [], true)
 3 APPPATH\Controllers\Home.php(9): view('registro_usuario')
 4 SYSTEMPATH\CodeIgniter.php(942): App\Controllers\Home->index()
 5 SYSTEMPATH\CodeIgniter.php(502): CodeIgniter\CodeIgniter->runController(Object(App\Controllers\Home))
 6 SYSTEMPATH\CodeIgniter.php(361): CodeIgniter\CodeIgniter->handleRequest(null, Object(Config\Cache), false)
 7 FCPATH\index.php(79): CodeIgniter\CodeIgniter->run()
CRITICAL - 2023-12-13 08:26:28 --> Invalid file: "zapatillas Adidas.php"
in SYSTEMPATH\Exceptions\FrameworkException.php on line 39.
 1 SYSTEMPATH\View\View.php(216): CodeIgniter\Exceptions\FrameworkException::forInvalidFile('zapatillas Adidas.php')
 2 SYSTEMPATH\Common.php(1190): CodeIgniter\View\View->render('zapatillas Adidas', [], true)
 3 APPPATH\Controllers\Articulos.php(15): view('zapatillas Adidas')
 4 SYSTEMPATH\CodeIgniter.php(942): App\Controllers\Articulos->ver_articulo()
 5 SYSTEMPATH\CodeIgniter.php(502): CodeIgniter\CodeIgniter->runController(Object(App\Controllers\Articulos))
 6 SYSTEMPATH\CodeIgniter.php(361): CodeIgniter\CodeIgniter->handleRequest(null, Object(Config\Cache), false)
 7 FCPATH\index.php(79): CodeIgniter\CodeIgniter->run()
CRITICAL - 2023-12-13 08:27:13 --> Invalid file: "zapatillas .php"
in SYSTEMPATH\Exceptions\FrameworkException.php on line 39.
 1 SYSTEMPATH\View\View.php(216): CodeIgniter\Exceptions\FrameworkException::forInvalidFile('zapatillas .php')
 2 SYSTEMPATH\Common.php(1190): CodeIgniter\View\View->render('zapatillas ', [], true)
 3 APPPATH\Controllers\Articulos.php(15): view('zapatillas ')
 4 SYSTEMPATH\CodeIgniter.php(942): App\Controllers\Articulos->ver_articulo()
 5 SYSTEMPATH\CodeIgniter.php(502): CodeIgniter\CodeIgniter->runController(Object(App\Controllers\Articulos))
 6 SYSTEMPATH\CodeIgniter.php(361): CodeIgniter\CodeIgniter->handleRequest(null, Object(Config\Cache), false)
 7 FCPATH\index.php(79): CodeIgniter\CodeIgniter->run()
CRITICAL - 2023-12-13 08:27:15 --> Invalid file: "zapatillas .php"
in SYSTEMPATH\Exceptions\FrameworkException.php on line 39.
 1 SYSTEMPATH\View\View.php(216): CodeIgniter\Exceptions\FrameworkException::forInvalidFile('zapatillas .php')
 2 SYSTEMPATH\Common.php(1190): CodeIgniter\View\View->render('zapatillas ', [], true)
 3 APPPATH\Controllers\Articulos.php(15): view('zapatillas ')
 4 SYSTEMPATH\CodeIgniter.php(942): App\Controllers\Articulos->ver_articulo()
 5 SYSTEMPATH\CodeIgniter.php(502): CodeIgniter\CodeIgniter->runController(Object(App\Controllers\Articulos))
 6 SYSTEMPATH\CodeIgniter.php(361): CodeIgniter\CodeIgniter->handleRequest(null, Object(Config\Cache), false)
 7 FCPATH\index.php(79): CodeIgniter\CodeIgniter->run()
CRITICAL - 2023-12-13 08:27:17 --> Invalid file: "zapatillas .php"
in SYSTEMPATH\Exceptions\FrameworkException.php on line 39.
 1 SYSTEMPATH\View\View.php(216): CodeIgniter\Exceptions\FrameworkException::forInvalidFile('zapatillas .php')
 2 SYSTEMPATH\Common.php(1190): CodeIgniter\View\View->render('zapatillas ', [], true)
 3 APPPATH\Controllers\Articulos.php(15): view('zapatillas ')
 4 SYSTEMPATH\CodeIgniter.php(942): App\Controllers\Articulos->ver_articulo()
 5 SYSTEMPATH\CodeIgniter.php(502): CodeIgniter\CodeIgniter->runController(Object(App\Controllers\Articulos))
 6 SYSTEMPATH\CodeIgniter.php(361): CodeIgniter\CodeIgniter->handleRequest(null, Object(Config\Cache), false)
 7 FCPATH\index.php(79): CodeIgniter\CodeIgniter->run()
CRITICAL - 2023-12-13 08:27:18 --> Invalid file: "zapatillas .php"
in SYSTEMPATH\Exceptions\FrameworkException.php on line 39.
 1 SYSTEMPATH\View\View.php(216): CodeIgniter\Exceptions\FrameworkException::forInvalidFile('zapatillas .php')
 2 SYSTEMPATH\Common.php(1190): CodeIgniter\View\View->render('zapatillas ', [], true)
 3 APPPATH\Controllers\Articulos.php(15): view('zapatillas ')
 4 SYSTEMPATH\CodeIgniter.php(942): App\Controllers\Articulos->ver_articulo()
 5 SYSTEMPATH\CodeIgniter.php(502): CodeIgniter\CodeIgniter->runController(Object(App\Controllers\Articulos))
 6 SYSTEMPATH\CodeIgniter.php(361): CodeIgniter\CodeIgniter->handleRequest(null, Object(Config\Cache), false)
 7 FCPATH\index.php(79): CodeIgniter\CodeIgniter->run()
CRITICAL - 2023-12-13 08:29:27 --> Invalid file: "zapatillas .php"
in SYSTEMPATH\Exceptions\FrameworkException.php on line 39.
 1 SYSTEMPATH\View\View.php(216): CodeIgniter\Exceptions\FrameworkException::forInvalidFile('zapatillas .php')
 2 SYSTEMPATH\Common.php(1190): CodeIgniter\View\View->render('zapatillas ', [], true)
 3 APPPATH\Controllers\Articulos.php(15): view('zapatillas ')
 4 SYSTEMPATH\CodeIgniter.php(942): App\Controllers\Articulos->ver_articulo()
 5 SYSTEMPATH\CodeIgniter.php(502): CodeIgniter\CodeIgniter->runController(Object(App\Controllers\Articulos))
 6 SYSTEMPATH\CodeIgniter.php(361): CodeIgniter\CodeIgniter->handleRequest(null, Object(Config\Cache), false)
 7 FCPATH\index.php(79): CodeIgniter\CodeIgniter->run()
CRITICAL - 2023-12-13 08:31:03 --> Invalid file: "zapatillas .php"
in SYSTEMPATH\Exceptions\FrameworkException.php on line 39.
 1 SYSTEMPATH\View\View.php(216): CodeIgniter\Exceptions\FrameworkException::forInvalidFile('zapatillas .php')
 2 SYSTEMPATH\Common.php(1190): CodeIgniter\View\View->render('zapatillas ', [], true)
 3 APPPATH\Controllers\Articulos.php(15): view('zapatillas ')
 4 SYSTEMPATH\CodeIgniter.php(942): App\Controllers\Articulos->ver_articulo()
 5 SYSTEMPATH\CodeIgniter.php(502): CodeIgniter\CodeIgniter->runController(Object(App\Controllers\Articulos))
 6 SYSTEMPATH\CodeIgniter.php(361): CodeIgniter\CodeIgniter->handleRequest(null, Object(Config\Cache), false)
 7 FCPATH\index.php(79): CodeIgniter\CodeIgniter->run()
CRITICAL - 2023-12-13 08:32:08 --> Invalid file: "zapatillas.php"
in SYSTEMPATH\Exceptions\FrameworkException.php on line 39.
 1 SYSTEMPATH\View\View.php(216): CodeIgniter\Exceptions\FrameworkException::forInvalidFile('zapatillas.php')
 2 SYSTEMPATH\Common.php(1190): CodeIgniter\View\View->render('zapatillas', [], true)
 3 APPPATH\Controllers\Articulos.php(15): view('zapatillas')
 4 SYSTEMPATH\CodeIgniter.php(942): App\Controllers\Articulos->ver_articulo()
 5 SYSTEMPATH\CodeIgniter.php(502): CodeIgniter\CodeIgniter->runController(Object(App\Controllers\Articulos))
 6 SYSTEMPATH\CodeIgniter.php(361): CodeIgniter\CodeIgniter->handleRequest(null, Object(Config\Cache), false)
 7 FCPATH\index.php(79): CodeIgniter\CodeIgniter->run()
CRITICAL - 2023-12-13 08:32:28 --> Invalid file: "zapatillas.php"
in SYSTEMPATH\Exceptions\FrameworkException.php on line 39.
 1 SYSTEMPATH\View\View.php(216): CodeIgniter\Exceptions\FrameworkException::forInvalidFile('zapatillas.php')
 2 SYSTEMPATH\Common.php(1190): CodeIgniter\View\View->render('zapatillas', [], true)
 3 APPPATH\Controllers\Articulos.php(15): view('zapatillas')
 4 SYSTEMPATH\CodeIgniter.php(942): App\Controllers\Articulos->ver_articulo()
 5 SYSTEMPATH\CodeIgniter.php(502): CodeIgniter\CodeIgniter->runController(Object(App\Controllers\Articulos))
 6 SYSTEMPATH\CodeIgniter.php(361): CodeIgniter\CodeIgniter->handleRequest(null, Object(Config\Cache), false)
 7 FCPATH\index.php(79): CodeIgniter\CodeIgniter->run()
CRITICAL - 2023-12-13 08:33:31 --> Invalid file: "zapatillas.php"
in SYSTEMPATH\Exceptions\FrameworkException.php on line 39.
 1 SYSTEMPATH\View\View.php(216): CodeIgniter\Exceptions\FrameworkException::forInvalidFile('zapatillas.php')
 2 SYSTEMPATH\Common.php(1190): CodeIgniter\View\View->render('zapatillas', [], true)
 3 APPPATH\Controllers\Articulos.php(15): view('zapatillas')
 4 SYSTEMPATH\CodeIgniter.php(942): App\Controllers\Articulos->ver_articulo()
 5 SYSTEMPATH\CodeIgniter.php(502): CodeIgniter\CodeIgniter->runController(Object(App\Controllers\Articulos))
 6 SYSTEMPATH\CodeIgniter.php(361): CodeIgniter\CodeIgniter->handleRequest(null, Object(Config\Cache), false)
 7 FCPATH\index.php(79): CodeIgniter\CodeIgniter->run()
