INFO - 2024-01-28 13:17:16 --> Session: Class initialized using 'CodeIgniter\Session\Handlers\FileHandler' driver.
INFO - 2024-01-28 13:17:32 --> Session: Class initialized using 'CodeIgniter\Session\Handlers\FileHandler' driver.
CRITICAL - 2024-01-28 14:35:32 --> Undefined array key "nombreimagen"
in APPPATH\Views\mostrar_tienda.php on line 15.
 1 APPPATH\Views\mostrar_tienda.php(15): CodeIgniter\Debug\Exceptions->errorHandler(2, 'Undefined array key "nombreimagen"', 'C:\\xampp\\htdocs\\codeingter_prueba\\app\\Views\\mostrar_tienda.php', 15)
 2 SYSTEMPATH\View\View.php(228): include('C:\\xampp\\htdocs\\codeingter_prueba\\app\\Views\\mostrar_tienda.php')
 3 SYSTEMPATH\View\View.php(231): CodeIgniter\View\View->CodeIgniter\View\{closure}()
 4 SYSTEMPATH\Common.php(1190): CodeIgniter\View\View->render('mostrar_tienda', [], true)
 5 APPPATH\Controllers\tiendas.php(17): view('mostrar_tienda', [...])
 6 SYSTEMPATH\CodeIgniter.php(942): App\Controllers\Tiendas->ver_tienda()
 7 SYSTEMPATH\CodeIgniter.php(502): CodeIgniter\CodeIgniter->runController(Object(App\Controllers\Tiendas))
 8 SYSTEMPATH\CodeIgniter.php(361): CodeIgniter\CodeIgniter->handleRequest(null, Object(Config\Cache), false)
 9 FCPATH\index.php(79): CodeIgniter\CodeIgniter->run()
CRITICAL - 2024-01-28 14:37:30 --> Undefined array key "nombreimagen"
in APPPATH\Views\mostrar_tienda.php on line 15.
 1 APPPATH\Views\mostrar_tienda.php(15): CodeIgniter\Debug\Exceptions->errorHandler(2, 'Undefined array key "nombreimagen"', 'C:\\xampp\\htdocs\\codeingter_prueba\\app\\Views\\mostrar_tienda.php', 15)
 2 SYSTEMPATH\View\View.php(228): include('C:\\xampp\\htdocs\\codeingter_prueba\\app\\Views\\mostrar_tienda.php')
 3 SYSTEMPATH\View\View.php(231): CodeIgniter\View\View->CodeIgniter\View\{closure}()
 4 SYSTEMPATH\Common.php(1190): CodeIgniter\View\View->render('mostrar_tienda', [], true)
 5 APPPATH\Controllers\tiendas.php(17): view('mostrar_tienda', [...])
 6 SYSTEMPATH\CodeIgniter.php(942): App\Controllers\Tiendas->ver_tienda()
 7 SYSTEMPATH\CodeIgniter.php(502): CodeIgniter\CodeIgniter->runController(Object(App\Controllers\Tiendas))
 8 SYSTEMPATH\CodeIgniter.php(361): CodeIgniter\CodeIgniter->handleRequest(null, Object(Config\Cache), false)
 9 FCPATH\index.php(79): CodeIgniter\CodeIgniter->run()
CRITICAL - 2024-01-28 14:37:31 --> Undefined array key "nombreimagen"
in APPPATH\Views\mostrar_tienda.php on line 15.
 1 APPPATH\Views\mostrar_tienda.php(15): CodeIgniter\Debug\Exceptions->errorHandler(2, 'Undefined array key "nombreimagen"', 'C:\\xampp\\htdocs\\codeingter_prueba\\app\\Views\\mostrar_tienda.php', 15)
 2 SYSTEMPATH\View\View.php(228): include('C:\\xampp\\htdocs\\codeingter_prueba\\app\\Views\\mostrar_tienda.php')
 3 SYSTEMPATH\View\View.php(231): CodeIgniter\View\View->CodeIgniter\View\{closure}()
 4 SYSTEMPATH\Common.php(1190): CodeIgniter\View\View->render('mostrar_tienda', [], true)
 5 APPPATH\Controllers\tiendas.php(17): view('mostrar_tienda', [...])
 6 SYSTEMPATH\CodeIgniter.php(942): App\Controllers\Tiendas->ver_tienda()
 7 SYSTEMPATH\CodeIgniter.php(502): CodeIgniter\CodeIgniter->runController(Object(App\Controllers\Tiendas))
 8 SYSTEMPATH\CodeIgniter.php(361): CodeIgniter\CodeIgniter->handleRequest(null, Object(Config\Cache), false)
 9 FCPATH\index.php(79): CodeIgniter\CodeIgniter->run()
CRITICAL - 2024-01-28 14:40:48 --> Undefined array key "nombreimagen"
in APPPATH\Views\mostrar_tienda.php on line 15.
 1 APPPATH\Views\mostrar_tienda.php(15): CodeIgniter\Debug\Exceptions->errorHandler(2, 'Undefined array key "nombreimagen"', 'C:\\xampp\\htdocs\\codeingter_prueba\\app\\Views\\mostrar_tienda.php', 15)
 2 SYSTEMPATH\View\View.php(228): include('C:\\xampp\\htdocs\\codeingter_prueba\\app\\Views\\mostrar_tienda.php')
 3 SYSTEMPATH\View\View.php(231): CodeIgniter\View\View->CodeIgniter\View\{closure}()
 4 SYSTEMPATH\Common.php(1190): CodeIgniter\View\View->render('mostrar_tienda', [], true)
 5 APPPATH\Controllers\tiendas.php(17): view('mostrar_tienda', [...])
 6 SYSTEMPATH\CodeIgniter.php(942): App\Controllers\Tiendas->ver_tienda()
 7 SYSTEMPATH\CodeIgniter.php(502): CodeIgniter\CodeIgniter->runController(Object(App\Controllers\Tiendas))
 8 SYSTEMPATH\CodeIgniter.php(361): CodeIgniter\CodeIgniter->handleRequest(null, Object(Config\Cache), false)
 9 FCPATH\index.php(79): CodeIgniter\CodeIgniter->run()
CRITICAL - 2024-01-28 14:44:39 --> Undefined array key "nombreimagen"
in APPPATH\Views\mostrar_tienda.php on line 15.
 1 APPPATH\Views\mostrar_tienda.php(15): CodeIgniter\Debug\Exceptions->errorHandler(2, 'Undefined array key "nombreimagen"', 'C:\\xampp\\htdocs\\codeingter_prueba\\app\\Views\\mostrar_tienda.php', 15)
 2 SYSTEMPATH\View\View.php(228): include('C:\\xampp\\htdocs\\codeingter_prueba\\app\\Views\\mostrar_tienda.php')
 3 SYSTEMPATH\View\View.php(231): CodeIgniter\View\View->CodeIgniter\View\{closure}()
 4 SYSTEMPATH\Common.php(1190): CodeIgniter\View\View->render('mostrar_tienda', [], true)
 5 APPPATH\Controllers\tiendas.php(17): view('mostrar_tienda', [...])
 6 SYSTEMPATH\CodeIgniter.php(942): App\Controllers\Tiendas->ver_tienda()
 7 SYSTEMPATH\CodeIgniter.php(502): CodeIgniter\CodeIgniter->runController(Object(App\Controllers\Tiendas))
 8 SYSTEMPATH\CodeIgniter.php(361): CodeIgniter\CodeIgniter->handleRequest(null, Object(Config\Cache), false)
 9 FCPATH\index.php(79): CodeIgniter\CodeIgniter->run()
CRITICAL - 2024-01-28 14:44:42 --> Undefined array key "nombreimagen"
in APPPATH\Views\mostrar_tienda.php on line 15.
 1 APPPATH\Views\mostrar_tienda.php(15): CodeIgniter\Debug\Exceptions->errorHandler(2, 'Undefined array key "nombreimagen"', 'C:\\xampp\\htdocs\\codeingter_prueba\\app\\Views\\mostrar_tienda.php', 15)
 2 SYSTEMPATH\View\View.php(228): include('C:\\xampp\\htdocs\\codeingter_prueba\\app\\Views\\mostrar_tienda.php')
 3 SYSTEMPATH\View\View.php(231): CodeIgniter\View\View->CodeIgniter\View\{closure}()
 4 SYSTEMPATH\Common.php(1190): CodeIgniter\View\View->render('mostrar_tienda', [], true)
 5 APPPATH\Controllers\tiendas.php(17): view('mostrar_tienda', [...])
 6 SYSTEMPATH\CodeIgniter.php(942): App\Controllers\Tiendas->ver_tienda()
 7 SYSTEMPATH\CodeIgniter.php(502): CodeIgniter\CodeIgniter->runController(Object(App\Controllers\Tiendas))
 8 SYSTEMPATH\CodeIgniter.php(361): CodeIgniter\CodeIgniter->handleRequest(null, Object(Config\Cache), false)
 9 FCPATH\index.php(79): CodeIgniter\CodeIgniter->run()
CRITICAL - 2024-01-28 14:44:42 --> Undefined array key "nombreimagen"
in APPPATH\Views\mostrar_tienda.php on line 15.
 1 APPPATH\Views\mostrar_tienda.php(15): CodeIgniter\Debug\Exceptions->errorHandler(2, 'Undefined array key "nombreimagen"', 'C:\\xampp\\htdocs\\codeingter_prueba\\app\\Views\\mostrar_tienda.php', 15)
 2 SYSTEMPATH\View\View.php(228): include('C:\\xampp\\htdocs\\codeingter_prueba\\app\\Views\\mostrar_tienda.php')
 3 SYSTEMPATH\View\View.php(231): CodeIgniter\View\View->CodeIgniter\View\{closure}()
 4 SYSTEMPATH\Common.php(1190): CodeIgniter\View\View->render('mostrar_tienda', [], true)
 5 APPPATH\Controllers\tiendas.php(17): view('mostrar_tienda', [...])
 6 SYSTEMPATH\CodeIgniter.php(942): App\Controllers\Tiendas->ver_tienda()
 7 SYSTEMPATH\CodeIgniter.php(502): CodeIgniter\CodeIgniter->runController(Object(App\Controllers\Tiendas))
 8 SYSTEMPATH\CodeIgniter.php(361): CodeIgniter\CodeIgniter->handleRequest(null, Object(Config\Cache), false)
 9 FCPATH\index.php(79): CodeIgniter\CodeIgniter->run()
CRITICAL - 2024-01-28 14:44:43 --> Undefined array key "nombreimagen"
in APPPATH\Views\mostrar_tienda.php on line 15.
 1 APPPATH\Views\mostrar_tienda.php(15): CodeIgniter\Debug\Exceptions->errorHandler(2, 'Undefined array key "nombreimagen"', 'C:\\xampp\\htdocs\\codeingter_prueba\\app\\Views\\mostrar_tienda.php', 15)
 2 SYSTEMPATH\View\View.php(228): include('C:\\xampp\\htdocs\\codeingter_prueba\\app\\Views\\mostrar_tienda.php')
 3 SYSTEMPATH\View\View.php(231): CodeIgniter\View\View->CodeIgniter\View\{closure}()
 4 SYSTEMPATH\Common.php(1190): CodeIgniter\View\View->render('mostrar_tienda', [], true)
 5 APPPATH\Controllers\tiendas.php(17): view('mostrar_tienda', [...])
 6 SYSTEMPATH\CodeIgniter.php(942): App\Controllers\Tiendas->ver_tienda()
 7 SYSTEMPATH\CodeIgniter.php(502): CodeIgniter\CodeIgniter->runController(Object(App\Controllers\Tiendas))
 8 SYSTEMPATH\CodeIgniter.php(361): CodeIgniter\CodeIgniter->handleRequest(null, Object(Config\Cache), false)
 9 FCPATH\index.php(79): CodeIgniter\CodeIgniter->run()
CRITICAL - 2024-01-28 14:44:43 --> Undefined array key "nombreimagen"
in APPPATH\Views\mostrar_tienda.php on line 15.
 1 APPPATH\Views\mostrar_tienda.php(15): CodeIgniter\Debug\Exceptions->errorHandler(2, 'Undefined array key "nombreimagen"', 'C:\\xampp\\htdocs\\codeingter_prueba\\app\\Views\\mostrar_tienda.php', 15)
 2 SYSTEMPATH\View\View.php(228): include('C:\\xampp\\htdocs\\codeingter_prueba\\app\\Views\\mostrar_tienda.php')
 3 SYSTEMPATH\View\View.php(231): CodeIgniter\View\View->CodeIgniter\View\{closure}()
 4 SYSTEMPATH\Common.php(1190): CodeIgniter\View\View->render('mostrar_tienda', [], true)
 5 APPPATH\Controllers\tiendas.php(17): view('mostrar_tienda', [...])
 6 SYSTEMPATH\CodeIgniter.php(942): App\Controllers\Tiendas->ver_tienda()
 7 SYSTEMPATH\CodeIgniter.php(502): CodeIgniter\CodeIgniter->runController(Object(App\Controllers\Tiendas))
 8 SYSTEMPATH\CodeIgniter.php(361): CodeIgniter\CodeIgniter->handleRequest(null, Object(Config\Cache), false)
 9 FCPATH\index.php(79): CodeIgniter\CodeIgniter->run()
CRITICAL - 2024-01-28 14:44:43 --> Undefined array key "nombreimagen"
in APPPATH\Views\mostrar_tienda.php on line 15.
 1 APPPATH\Views\mostrar_tienda.php(15): CodeIgniter\Debug\Exceptions->errorHandler(2, 'Undefined array key "nombreimagen"', 'C:\\xampp\\htdocs\\codeingter_prueba\\app\\Views\\mostrar_tienda.php', 15)
 2 SYSTEMPATH\View\View.php(228): include('C:\\xampp\\htdocs\\codeingter_prueba\\app\\Views\\mostrar_tienda.php')
 3 SYSTEMPATH\View\View.php(231): CodeIgniter\View\View->CodeIgniter\View\{closure}()
 4 SYSTEMPATH\Common.php(1190): CodeIgniter\View\View->render('mostrar_tienda', [], true)
 5 APPPATH\Controllers\tiendas.php(17): view('mostrar_tienda', [...])
 6 SYSTEMPATH\CodeIgniter.php(942): App\Controllers\Tiendas->ver_tienda()
 7 SYSTEMPATH\CodeIgniter.php(502): CodeIgniter\CodeIgniter->runController(Object(App\Controllers\Tiendas))
 8 SYSTEMPATH\CodeIgniter.php(361): CodeIgniter\CodeIgniter->handleRequest(null, Object(Config\Cache), false)
 9 FCPATH\index.php(79): CodeIgniter\CodeIgniter->run()
ERROR - 2024-01-28 23:19:01 --> Error connecting to the database: mysqli_sql_exception: No se puede establecer una conexión ya que el equipo de destino denegó expresamente dicha conexión in C:\xampp\htdocs\codeingter_prueba\system\Database\MySQLi\Connection.php:185
Stack trace:
#0 C:\xampp\htdocs\codeingter_prueba\system\Database\MySQLi\Connection.php(185): mysqli->real_connect('localhost', 'root', '', 'tienda', 3306, '', 0)
#1 C:\xampp\htdocs\codeingter_prueba\system\Database\BaseConnection.php(392): CodeIgniter\Database\MySQLi\Connection->connect(false)
#2 C:\xampp\htdocs\codeingter_prueba\system\Database\BaseConnection.php(575): CodeIgniter\Database\BaseConnection->initialize()
#3 C:\xampp\htdocs\codeingter_prueba\system\Database\BaseBuilder.php(2308): CodeIgniter\Database\BaseConnection->query('INSERT INTO `us...', Array, false)
#4 C:\xampp\htdocs\codeingter_prueba\system\Model.php(319): CodeIgniter\Database\BaseBuilder->insert()
#5 C:\xampp\htdocs\codeingter_prueba\system\BaseModel.php(788): CodeIgniter\Model->doInsert(Array)
#6 C:\xampp\htdocs\codeingter_prueba\system\Model.php(715): CodeIgniter\BaseModel->insert(Array, false)
#7 C:\xampp\htdocs\codeingter_prueba\system\BaseModel.php(698): CodeIgniter\Model->insert(Array, false)
#8 C:\xampp\htdocs\codeingter_prueba\app\Controllers\Usuarios.php(34): CodeIgniter\BaseModel->save(Array)
#9 C:\xampp\htdocs\codeingter_prueba\system\CodeIgniter.php(942): App\Controllers\Usuarios->agregar()
#10 C:\xampp\htdocs\codeingter_prueba\system\CodeIgniter.php(502): CodeIgniter\CodeIgniter->runController(Object(App\Controllers\Usuarios))
#11 C:\xampp\htdocs\codeingter_prueba\system\CodeIgniter.php(361): CodeIgniter\CodeIgniter->handleRequest(NULL, Object(Config\Cache), false)
#12 C:\xampp\htdocs\codeingter_prueba\public\index.php(79): CodeIgniter\CodeIgniter->run()
#13 {main}

Next CodeIgniter\Database\Exceptions\DatabaseException: No se puede establecer una conexión ya que el equipo de destino denegó expresamente dicha conexión in C:\xampp\htdocs\codeingter_prueba\system\Database\MySQLi\Connection.php:229
Stack trace:
#0 C:\xampp\htdocs\codeingter_prueba\system\Database\BaseConnection.php(392): CodeIgniter\Database\MySQLi\Connection->connect(false)
#1 C:\xampp\htdocs\codeingter_prueba\system\Database\BaseConnection.php(575): CodeIgniter\Database\BaseConnection->initialize()
#2 C:\xampp\htdocs\codeingter_prueba\system\Database\BaseBuilder.php(2308): CodeIgniter\Database\BaseConnection->query('INSERT INTO `us...', Array, false)
#3 C:\xampp\htdocs\codeingter_prueba\system\Model.php(319): CodeIgniter\Database\BaseBuilder->insert()
#4 C:\xampp\htdocs\codeingter_prueba\system\BaseModel.php(788): CodeIgniter\Model->doInsert(Array)
#5 C:\xampp\htdocs\codeingter_prueba\system\Model.php(715): CodeIgniter\BaseModel->insert(Array, false)
#6 C:\xampp\htdocs\codeingter_prueba\system\BaseModel.php(698): CodeIgniter\Model->insert(Array, false)
#7 C:\xampp\htdocs\codeingter_prueba\app\Controllers\Usuarios.php(34): CodeIgniter\BaseModel->save(Array)
#8 C:\xampp\htdocs\codeingter_prueba\system\CodeIgniter.php(942): App\Controllers\Usuarios->agregar()
#9 C:\xampp\htdocs\codeingter_prueba\system\CodeIgniter.php(502): CodeIgniter\CodeIgniter->runController(Object(App\Controllers\Usuarios))
#10 C:\xampp\htdocs\codeingter_prueba\system\CodeIgniter.php(361): CodeIgniter\CodeIgniter->handleRequest(NULL, Object(Config\Cache), false)
#11 C:\xampp\htdocs\codeingter_prueba\public\index.php(79): CodeIgniter\CodeIgniter->run()
#12 {main}
CRITICAL - 2024-01-28 23:19:02 --> Unable to connect to the database.
Main connection [MySQLi]: No se puede establecer una conexión ya que el equipo de destino denegó expresamente dicha conexión
in SYSTEMPATH\Database\BaseConnection.php on line 428.
 1 SYSTEMPATH\Database\BaseConnection.php(575): CodeIgniter\Database\BaseConnection->initialize()
 2 SYSTEMPATH\Database\BaseBuilder.php(2308): CodeIgniter\Database\BaseConnection->query('INSERT INTO `usuario` (`nombre`, `contraseña`) VALUES (:nombre:, :contraseña:)', [...], false)
 3 SYSTEMPATH\Model.php(319): CodeIgniter\Database\BaseBuilder->insert()
 4 SYSTEMPATH\BaseModel.php(788): CodeIgniter\Model->doInsert([...])
 5 SYSTEMPATH\Model.php(715): CodeIgniter\BaseModel->insert([...], false)
 6 SYSTEMPATH\BaseModel.php(698): CodeIgniter\Model->insert([...], false)
 7 APPPATH\Controllers\Usuarios.php(34): CodeIgniter\BaseModel->save([...])
 8 SYSTEMPATH\CodeIgniter.php(942): App\Controllers\Usuarios->agregar()
 9 SYSTEMPATH\CodeIgniter.php(502): CodeIgniter\CodeIgniter->runController(Object(App\Controllers\Usuarios))
10 SYSTEMPATH\CodeIgniter.php(361): CodeIgniter\CodeIgniter->handleRequest(null, Object(Config\Cache), false)
11 FCPATH\index.php(79): CodeIgniter\CodeIgniter->run()
ERROR - 2024-01-28 23:19:03 --> Error connecting to the database: mysqli_sql_exception: No se puede establecer una conexión ya que el equipo de destino denegó expresamente dicha conexión in C:\xampp\htdocs\codeingter_prueba\system\Database\MySQLi\Connection.php:185
Stack trace:
#0 C:\xampp\htdocs\codeingter_prueba\system\Database\MySQLi\Connection.php(185): mysqli->real_connect('localhost', 'root', '', 'tienda', 3306, '', 0)
#1 C:\xampp\htdocs\codeingter_prueba\system\Database\BaseConnection.php(392): CodeIgniter\Database\MySQLi\Connection->connect(false)
#2 C:\xampp\htdocs\codeingter_prueba\system\Database\BaseConnection.php(575): CodeIgniter\Database\BaseConnection->initialize()
#3 C:\xampp\htdocs\codeingter_prueba\system\Database\BaseBuilder.php(2308): CodeIgniter\Database\BaseConnection->query('INSERT INTO `us...', Array, false)
#4 C:\xampp\htdocs\codeingter_prueba\system\Model.php(319): CodeIgniter\Database\BaseBuilder->insert()
#5 C:\xampp\htdocs\codeingter_prueba\system\BaseModel.php(788): CodeIgniter\Model->doInsert(Array)
#6 C:\xampp\htdocs\codeingter_prueba\system\Model.php(715): CodeIgniter\BaseModel->insert(Array, false)
#7 C:\xampp\htdocs\codeingter_prueba\system\BaseModel.php(698): CodeIgniter\Model->insert(Array, false)
#8 C:\xampp\htdocs\codeingter_prueba\app\Controllers\Usuarios.php(34): CodeIgniter\BaseModel->save(Array)
#9 C:\xampp\htdocs\codeingter_prueba\system\CodeIgniter.php(942): App\Controllers\Usuarios->agregar()
#10 C:\xampp\htdocs\codeingter_prueba\system\CodeIgniter.php(502): CodeIgniter\CodeIgniter->runController(Object(App\Controllers\Usuarios))
#11 C:\xampp\htdocs\codeingter_prueba\system\CodeIgniter.php(361): CodeIgniter\CodeIgniter->handleRequest(NULL, Object(Config\Cache), false)
#12 C:\xampp\htdocs\codeingter_prueba\public\index.php(79): CodeIgniter\CodeIgniter->run()
#13 {main}

Next CodeIgniter\Database\Exceptions\DatabaseException: No se puede establecer una conexión ya que el equipo de destino denegó expresamente dicha conexión in C:\xampp\htdocs\codeingter_prueba\system\Database\MySQLi\Connection.php:229
Stack trace:
#0 C:\xampp\htdocs\codeingter_prueba\system\Database\BaseConnection.php(392): CodeIgniter\Database\MySQLi\Connection->connect(false)
#1 C:\xampp\htdocs\codeingter_prueba\system\Database\BaseConnection.php(575): CodeIgniter\Database\BaseConnection->initialize()
#2 C:\xampp\htdocs\codeingter_prueba\system\Database\BaseBuilder.php(2308): CodeIgniter\Database\BaseConnection->query('INSERT INTO `us...', Array, false)
#3 C:\xampp\htdocs\codeingter_prueba\system\Model.php(319): CodeIgniter\Database\BaseBuilder->insert()
#4 C:\xampp\htdocs\codeingter_prueba\system\BaseModel.php(788): CodeIgniter\Model->doInsert(Array)
#5 C:\xampp\htdocs\codeingter_prueba\system\Model.php(715): CodeIgniter\BaseModel->insert(Array, false)
#6 C:\xampp\htdocs\codeingter_prueba\system\BaseModel.php(698): CodeIgniter\Model->insert(Array, false)
#7 C:\xampp\htdocs\codeingter_prueba\app\Controllers\Usuarios.php(34): CodeIgniter\BaseModel->save(Array)
#8 C:\xampp\htdocs\codeingter_prueba\system\CodeIgniter.php(942): App\Controllers\Usuarios->agregar()
#9 C:\xampp\htdocs\codeingter_prueba\system\CodeIgniter.php(502): CodeIgniter\CodeIgniter->runController(Object(App\Controllers\Usuarios))
#10 C:\xampp\htdocs\codeingter_prueba\system\CodeIgniter.php(361): CodeIgniter\CodeIgniter->handleRequest(NULL, Object(Config\Cache), false)
#11 C:\xampp\htdocs\codeingter_prueba\public\index.php(79): CodeIgniter\CodeIgniter->run()
#12 {main}
CRITICAL - 2024-01-28 23:19:03 --> Unable to connect to the database.
Main connection [MySQLi]: No se puede establecer una conexión ya que el equipo de destino denegó expresamente dicha conexión
in SYSTEMPATH\Database\BaseConnection.php on line 428.
 1 SYSTEMPATH\Database\BaseConnection.php(575): CodeIgniter\Database\BaseConnection->initialize()
 2 SYSTEMPATH\Database\BaseBuilder.php(2308): CodeIgniter\Database\BaseConnection->query('INSERT INTO `usuario` (`nombre`, `contraseña`) VALUES (:nombre:, :contraseña:)', [...], false)
 3 SYSTEMPATH\Model.php(319): CodeIgniter\Database\BaseBuilder->insert()
 4 SYSTEMPATH\BaseModel.php(788): CodeIgniter\Model->doInsert([...])
 5 SYSTEMPATH\Model.php(715): CodeIgniter\BaseModel->insert([...], false)
 6 SYSTEMPATH\BaseModel.php(698): CodeIgniter\Model->insert([...], false)
 7 APPPATH\Controllers\Usuarios.php(34): CodeIgniter\BaseModel->save([...])
 8 SYSTEMPATH\CodeIgniter.php(942): App\Controllers\Usuarios->agregar()
 9 SYSTEMPATH\CodeIgniter.php(502): CodeIgniter\CodeIgniter->runController(Object(App\Controllers\Usuarios))
10 SYSTEMPATH\CodeIgniter.php(361): CodeIgniter\CodeIgniter->handleRequest(null, Object(Config\Cache), false)
11 FCPATH\index.php(79): CodeIgniter\CodeIgniter->run()
ERROR - 2024-01-28 23:19:05 --> Error connecting to the database: mysqli_sql_exception: No se puede establecer una conexión ya que el equipo de destino denegó expresamente dicha conexión in C:\xampp\htdocs\codeingter_prueba\system\Database\MySQLi\Connection.php:185
Stack trace:
#0 C:\xampp\htdocs\codeingter_prueba\system\Database\MySQLi\Connection.php(185): mysqli->real_connect('localhost', 'root', '', 'tienda', 3306, '', 0)
#1 C:\xampp\htdocs\codeingter_prueba\system\Database\BaseConnection.php(392): CodeIgniter\Database\MySQLi\Connection->connect(false)
#2 C:\xampp\htdocs\codeingter_prueba\system\Database\BaseConnection.php(575): CodeIgniter\Database\BaseConnection->initialize()
#3 C:\xampp\htdocs\codeingter_prueba\system\Database\BaseBuilder.php(2308): CodeIgniter\Database\BaseConnection->query('INSERT INTO `us...', Array, false)
#4 C:\xampp\htdocs\codeingter_prueba\system\Model.php(319): CodeIgniter\Database\BaseBuilder->insert()
#5 C:\xampp\htdocs\codeingter_prueba\system\BaseModel.php(788): CodeIgniter\Model->doInsert(Array)
#6 C:\xampp\htdocs\codeingter_prueba\system\Model.php(715): CodeIgniter\BaseModel->insert(Array, false)
#7 C:\xampp\htdocs\codeingter_prueba\system\BaseModel.php(698): CodeIgniter\Model->insert(Array, false)
#8 C:\xampp\htdocs\codeingter_prueba\app\Controllers\Usuarios.php(34): CodeIgniter\BaseModel->save(Array)
#9 C:\xampp\htdocs\codeingter_prueba\system\CodeIgniter.php(942): App\Controllers\Usuarios->agregar()
#10 C:\xampp\htdocs\codeingter_prueba\system\CodeIgniter.php(502): CodeIgniter\CodeIgniter->runController(Object(App\Controllers\Usuarios))
#11 C:\xampp\htdocs\codeingter_prueba\system\CodeIgniter.php(361): CodeIgniter\CodeIgniter->handleRequest(NULL, Object(Config\Cache), false)
#12 C:\xampp\htdocs\codeingter_prueba\public\index.php(79): CodeIgniter\CodeIgniter->run()
#13 {main}

Next CodeIgniter\Database\Exceptions\DatabaseException: No se puede establecer una conexión ya que el equipo de destino denegó expresamente dicha conexión in C:\xampp\htdocs\codeingter_prueba\system\Database\MySQLi\Connection.php:229
Stack trace:
#0 C:\xampp\htdocs\codeingter_prueba\system\Database\BaseConnection.php(392): CodeIgniter\Database\MySQLi\Connection->connect(false)
#1 C:\xampp\htdocs\codeingter_prueba\system\Database\BaseConnection.php(575): CodeIgniter\Database\BaseConnection->initialize()
#2 C:\xampp\htdocs\codeingter_prueba\system\Database\BaseBuilder.php(2308): CodeIgniter\Database\BaseConnection->query('INSERT INTO `us...', Array, false)
#3 C:\xampp\htdocs\codeingter_prueba\system\Model.php(319): CodeIgniter\Database\BaseBuilder->insert()
#4 C:\xampp\htdocs\codeingter_prueba\system\BaseModel.php(788): CodeIgniter\Model->doInsert(Array)
#5 C:\xampp\htdocs\codeingter_prueba\system\Model.php(715): CodeIgniter\BaseModel->insert(Array, false)
#6 C:\xampp\htdocs\codeingter_prueba\system\BaseModel.php(698): CodeIgniter\Model->insert(Array, false)
#7 C:\xampp\htdocs\codeingter_prueba\app\Controllers\Usuarios.php(34): CodeIgniter\BaseModel->save(Array)
#8 C:\xampp\htdocs\codeingter_prueba\system\CodeIgniter.php(942): App\Controllers\Usuarios->agregar()
#9 C:\xampp\htdocs\codeingter_prueba\system\CodeIgniter.php(502): CodeIgniter\CodeIgniter->runController(Object(App\Controllers\Usuarios))
#10 C:\xampp\htdocs\codeingter_prueba\system\CodeIgniter.php(361): CodeIgniter\CodeIgniter->handleRequest(NULL, Object(Config\Cache), false)
#11 C:\xampp\htdocs\codeingter_prueba\public\index.php(79): CodeIgniter\CodeIgniter->run()
#12 {main}
CRITICAL - 2024-01-28 23:19:05 --> Unable to connect to the database.
Main connection [MySQLi]: No se puede establecer una conexión ya que el equipo de destino denegó expresamente dicha conexión
in SYSTEMPATH\Database\BaseConnection.php on line 428.
 1 SYSTEMPATH\Database\BaseConnection.php(575): CodeIgniter\Database\BaseConnection->initialize()
 2 SYSTEMPATH\Database\BaseBuilder.php(2308): CodeIgniter\Database\BaseConnection->query('INSERT INTO `usuario` (`nombre`, `contraseña`) VALUES (:nombre:, :contraseña:)', [...], false)
 3 SYSTEMPATH\Model.php(319): CodeIgniter\Database\BaseBuilder->insert()
 4 SYSTEMPATH\BaseModel.php(788): CodeIgniter\Model->doInsert([...])
 5 SYSTEMPATH\Model.php(715): CodeIgniter\BaseModel->insert([...], false)
 6 SYSTEMPATH\BaseModel.php(698): CodeIgniter\Model->insert([...], false)
 7 APPPATH\Controllers\Usuarios.php(34): CodeIgniter\BaseModel->save([...])
 8 SYSTEMPATH\CodeIgniter.php(942): App\Controllers\Usuarios->agregar()
 9 SYSTEMPATH\CodeIgniter.php(502): CodeIgniter\CodeIgniter->runController(Object(App\Controllers\Usuarios))
10 SYSTEMPATH\CodeIgniter.php(361): CodeIgniter\CodeIgniter->handleRequest(null, Object(Config\Cache), false)
11 FCPATH\index.php(79): CodeIgniter\CodeIgniter->run()
ERROR - 2024-01-28 23:19:06 --> Error connecting to the database: mysqli_sql_exception: No se puede establecer una conexión ya que el equipo de destino denegó expresamente dicha conexión in C:\xampp\htdocs\codeingter_prueba\system\Database\MySQLi\Connection.php:185
Stack trace:
#0 C:\xampp\htdocs\codeingter_prueba\system\Database\MySQLi\Connection.php(185): mysqli->real_connect('localhost', 'root', '', 'tienda', 3306, '', 0)
#1 C:\xampp\htdocs\codeingter_prueba\system\Database\BaseConnection.php(392): CodeIgniter\Database\MySQLi\Connection->connect(false)
#2 C:\xampp\htdocs\codeingter_prueba\system\Database\BaseConnection.php(575): CodeIgniter\Database\BaseConnection->initialize()
#3 C:\xampp\htdocs\codeingter_prueba\system\Database\BaseBuilder.php(2308): CodeIgniter\Database\BaseConnection->query('INSERT INTO `us...', Array, false)
#4 C:\xampp\htdocs\codeingter_prueba\system\Model.php(319): CodeIgniter\Database\BaseBuilder->insert()
#5 C:\xampp\htdocs\codeingter_prueba\system\BaseModel.php(788): CodeIgniter\Model->doInsert(Array)
#6 C:\xampp\htdocs\codeingter_prueba\system\Model.php(715): CodeIgniter\BaseModel->insert(Array, false)
#7 C:\xampp\htdocs\codeingter_prueba\system\BaseModel.php(698): CodeIgniter\Model->insert(Array, false)
#8 C:\xampp\htdocs\codeingter_prueba\app\Controllers\Usuarios.php(34): CodeIgniter\BaseModel->save(Array)
#9 C:\xampp\htdocs\codeingter_prueba\system\CodeIgniter.php(942): App\Controllers\Usuarios->agregar()
#10 C:\xampp\htdocs\codeingter_prueba\system\CodeIgniter.php(502): CodeIgniter\CodeIgniter->runController(Object(App\Controllers\Usuarios))
#11 C:\xampp\htdocs\codeingter_prueba\system\CodeIgniter.php(361): CodeIgniter\CodeIgniter->handleRequest(NULL, Object(Config\Cache), false)
#12 C:\xampp\htdocs\codeingter_prueba\public\index.php(79): CodeIgniter\CodeIgniter->run()
#13 {main}

Next CodeIgniter\Database\Exceptions\DatabaseException: No se puede establecer una conexión ya que el equipo de destino denegó expresamente dicha conexión in C:\xampp\htdocs\codeingter_prueba\system\Database\MySQLi\Connection.php:229
Stack trace:
#0 C:\xampp\htdocs\codeingter_prueba\system\Database\BaseConnection.php(392): CodeIgniter\Database\MySQLi\Connection->connect(false)
#1 C:\xampp\htdocs\codeingter_prueba\system\Database\BaseConnection.php(575): CodeIgniter\Database\BaseConnection->initialize()
#2 C:\xampp\htdocs\codeingter_prueba\system\Database\BaseBuilder.php(2308): CodeIgniter\Database\BaseConnection->query('INSERT INTO `us...', Array, false)
#3 C:\xampp\htdocs\codeingter_prueba\system\Model.php(319): CodeIgniter\Database\BaseBuilder->insert()
#4 C:\xampp\htdocs\codeingter_prueba\system\BaseModel.php(788): CodeIgniter\Model->doInsert(Array)
#5 C:\xampp\htdocs\codeingter_prueba\system\Model.php(715): CodeIgniter\BaseModel->insert(Array, false)
#6 C:\xampp\htdocs\codeingter_prueba\system\BaseModel.php(698): CodeIgniter\Model->insert(Array, false)
#7 C:\xampp\htdocs\codeingter_prueba\app\Controllers\Usuarios.php(34): CodeIgniter\BaseModel->save(Array)
#8 C:\xampp\htdocs\codeingter_prueba\system\CodeIgniter.php(942): App\Controllers\Usuarios->agregar()
#9 C:\xampp\htdocs\codeingter_prueba\system\CodeIgniter.php(502): CodeIgniter\CodeIgniter->runController(Object(App\Controllers\Usuarios))
#10 C:\xampp\htdocs\codeingter_prueba\system\CodeIgniter.php(361): CodeIgniter\CodeIgniter->handleRequest(NULL, Object(Config\Cache), false)
#11 C:\xampp\htdocs\codeingter_prueba\public\index.php(79): CodeIgniter\CodeIgniter->run()
#12 {main}
CRITICAL - 2024-01-28 23:19:06 --> Unable to connect to the database.
Main connection [MySQLi]: No se puede establecer una conexión ya que el equipo de destino denegó expresamente dicha conexión
in SYSTEMPATH\Database\BaseConnection.php on line 428.
 1 SYSTEMPATH\Database\BaseConnection.php(575): CodeIgniter\Database\BaseConnection->initialize()
 2 SYSTEMPATH\Database\BaseBuilder.php(2308): CodeIgniter\Database\BaseConnection->query('INSERT INTO `usuario` (`nombre`, `contraseña`) VALUES (:nombre:, :contraseña:)', [...], false)
 3 SYSTEMPATH\Model.php(319): CodeIgniter\Database\BaseBuilder->insert()
 4 SYSTEMPATH\BaseModel.php(788): CodeIgniter\Model->doInsert([...])
 5 SYSTEMPATH\Model.php(715): CodeIgniter\BaseModel->insert([...], false)
 6 SYSTEMPATH\BaseModel.php(698): CodeIgniter\Model->insert([...], false)
 7 APPPATH\Controllers\Usuarios.php(34): CodeIgniter\BaseModel->save([...])
 8 SYSTEMPATH\CodeIgniter.php(942): App\Controllers\Usuarios->agregar()
 9 SYSTEMPATH\CodeIgniter.php(502): CodeIgniter\CodeIgniter->runController(Object(App\Controllers\Usuarios))
10 SYSTEMPATH\CodeIgniter.php(361): CodeIgniter\CodeIgniter->handleRequest(null, Object(Config\Cache), false)
11 FCPATH\index.php(79): CodeIgniter\CodeIgniter->run()
INFO - 2024-01-28 23:35:29 --> Session: Class initialized using 'CodeIgniter\Session\Handlers\FileHandler' driver.
